INFO - 2023-03-06 14:33:55 --> Session: Class initialized using 'CodeIgniter\Session\Handlers\FileHandler' driver.
INFO - 2023-03-06 14:33:56 --> Session: Class initialized using 'CodeIgniter\Session\Handlers\FileHandler' driver.
INFO - 2023-03-06 14:34:00 --> Session: Class initialized using 'CodeIgniter\Session\Handlers\FileHandler' driver.
INFO - 2023-03-06 14:34:00 --> Session: Class initialized using 'CodeIgniter\Session\Handlers\FileHandler' driver.
INFO - 2023-03-06 14:34:01 --> Session: Class initialized using 'CodeIgniter\Session\Handlers\FileHandler' driver.
INFO - 2023-03-06 14:37:07 --> Session: Class initialized using 'CodeIgniter\Session\Handlers\FileHandler' driver.
INFO - 2023-03-06 14:37:08 --> Session: Class initialized using 'CodeIgniter\Session\Handlers\FileHandler' driver.
INFO - 2023-03-06 14:37:12 --> Session: Class initialized using 'CodeIgniter\Session\Handlers\FileHandler' driver.
INFO - 2023-03-06 14:56:36 --> Session: Class initialized using 'CodeIgniter\Session\Handlers\FileHandler' driver.
INFO - 2023-03-06 14:56:37 --> Session: Class initialized using 'CodeIgniter\Session\Handlers\FileHandler' driver.
INFO - 2023-03-06 15:30:07 --> Session: Class initialized using 'CodeIgniter\Session\Handlers\FileHandler' driver.
INFO - 2023-03-06 15:30:07 --> Session: Class initialized using 'CodeIgniter\Session\Handlers\FileHandler' driver.
INFO - 2023-03-06 15:30:14 --> Session: Class initialized using 'CodeIgniter\Session\Handlers\FileHandler' driver.
INFO - 2023-03-06 15:30:15 --> Session: Class initialized using 'CodeIgniter\Session\Handlers\FileHandler' driver.
INFO - 2023-03-06 15:30:17 --> Session: Class initialized using 'CodeIgniter\Session\Handlers\FileHandler' driver.
INFO - 2023-03-06 15:30:17 --> Session: Class initialized using 'CodeIgniter\Session\Handlers\FileHandler' driver.
INFO - 2023-03-06 15:31:42 --> Session: Class initialized using 'CodeIgniter\Session\Handlers\FileHandler' driver.
INFO - 2023-03-06 15:31:43 --> Session: Class initialized using 'CodeIgniter\Session\Handlers\FileHandler' driver.
INFO - 2023-03-06 15:31:46 --> Session: Class initialized using 'CodeIgniter\Session\Handlers\FileHandler' driver.
INFO - 2023-03-06 15:31:47 --> Session: Class initialized using 'CodeIgniter\Session\Handlers\FileHandler' driver.
INFO - 2023-03-06 15:31:49 --> Session: Class initialized using 'CodeIgniter\Session\Handlers\FileHandler' driver.
INFO - 2023-03-06 15:31:50 --> Session: Class initialized using 'CodeIgniter\Session\Handlers\FileHandler' driver.
INFO - 2023-03-06 15:33:54 --> Session: Class initialized using 'CodeIgniter\Session\Handlers\FileHandler' driver.
INFO - 2023-03-06 15:33:55 --> Session: Class initialized using 'CodeIgniter\Session\Handlers\FileHandler' driver.
INFO - 2023-03-06 21:07:08 --> Session: Class initialized using 'CodeIgniter\Session\Handlers\FileHandler' driver.
INFO - 2023-03-06 21:07:08 --> REDIRECTED ROUTE at /
INFO - 2023-03-06 21:07:08 --> Session: Class initialized using 'CodeIgniter\Session\Handlers\FileHandler' driver.
INFO - 2023-03-06 21:07:24 --> Session: Class initialized using 'CodeIgniter\Session\Handlers\FileHandler' driver.
INFO - 2023-03-06 21:07:24 --> REDIRECTED ROUTE at /
INFO - 2023-03-06 21:07:24 --> Session: Class initialized using 'CodeIgniter\Session\Handlers\FileHandler' driver.
INFO - 2023-03-06 21:07:29 --> Session: Class initialized using 'CodeIgniter\Session\Handlers\FileHandler' driver.
INFO - 2023-03-06 21:07:29 --> REDIRECTED ROUTE at /
INFO - 2023-03-06 21:07:29 --> Session: Class initialized using 'CodeIgniter\Session\Handlers\FileHandler' driver.
INFO - 2023-03-06 21:07:32 --> Session: Class initialized using 'CodeIgniter\Session\Handlers\FileHandler' driver.
INFO - 2023-03-06 21:07:32 --> Session: Class initialized using 'CodeIgniter\Session\Handlers\FileHandler' driver.
INFO - 2023-03-06 21:07:32 --> Session: Class initialized using 'CodeIgniter\Session\Handlers\FileHandler' driver.
INFO - 2023-03-06 21:07:36 --> Session: Class initialized using 'CodeIgniter\Session\Handlers\FileHandler' driver.
INFO - 2023-03-06 21:07:37 --> Session: Class initialized using 'CodeIgniter\Session\Handlers\FileHandler' driver.
INFO - 2023-03-06 21:07:42 --> Session: Class initialized using 'CodeIgniter\Session\Handlers\FileHandler' driver.
INFO - 2023-03-06 21:09:07 --> Session: Class initialized using 'CodeIgniter\Session\Handlers\FileHandler' driver.
INFO - 2023-03-06 21:09:19 --> Session: Class initialized using 'CodeIgniter\Session\Handlers\FileHandler' driver.
INFO - 2023-03-06 23:35:40 --> Session: Class initialized using 'CodeIgniter\Session\Handlers\FileHandler' driver.
INFO - 2023-03-06 23:35:40 --> REDIRECTED ROUTE at /
INFO - 2023-03-06 23:35:40 --> Session: Class initialized using 'CodeIgniter\Session\Handlers\FileHandler' driver.
INFO - 2023-03-06 23:35:43 --> Session: Class initialized using 'CodeIgniter\Session\Handlers\FileHandler' driver.
INFO - 2023-03-06 23:35:43 --> Session: Class initialized using 'CodeIgniter\Session\Handlers\FileHandler' driver.
INFO - 2023-03-06 23:35:43 --> Session: Class initialized using 'CodeIgniter\Session\Handlers\FileHandler' driver.
INFO - 2023-03-06 23:35:45 --> Session: Class initialized using 'CodeIgniter\Session\Handlers\FileHandler' driver.
INFO - 2023-03-06 23:35:45 --> Session: Class initialized using 'CodeIgniter\Session\Handlers\FileHandler' driver.
INFO - 2023-03-06 23:35:49 --> Session: Class initialized using 'CodeIgniter\Session\Handlers\FileHandler' driver.
INFO - 2023-03-06 23:35:49 --> Session: Class initialized using 'CodeIgniter\Session\Handlers\FileHandler' driver.
INFO - 2023-03-06 23:35:54 --> Session: Class initialized using 'CodeIgniter\Session\Handlers\FileHandler' driver.
INFO - 2023-03-06 23:35:54 --> Session: Class initialized using 'CodeIgniter\Session\Handlers\FileHandler' driver.
INFO - 2023-03-06 23:35:54 --> Session: Class initialized using 'CodeIgniter\Session\Handlers\FileHandler' driver.
INFO - 2023-03-06 23:35:55 --> Session: Class initialized using 'CodeIgniter\Session\Handlers\FileHandler' driver.
INFO - 2023-03-06 23:35:55 --> Session: Class initialized using 'CodeIgniter\Session\Handlers\FileHandler' driver.
INFO - 2023-03-06 23:35:55 --> Session: Class initialized using 'CodeIgniter\Session\Handlers\FileHandler' driver.
INFO - 2023-03-06 23:35:55 --> Session: Class initialized using 'CodeIgniter\Session\Handlers\FileHandler' driver.
INFO - 2023-03-06 23:35:57 --> Session: Class initialized using 'CodeIgniter\Session\Handlers\FileHandler' driver.
INFO - 2023-03-06 23:35:57 --> Session: Class initialized using 'CodeIgniter\Session\Handlers\FileHandler' driver.
INFO - 2023-03-06 23:36:03 --> Session: Class initialized using 'CodeIgniter\Session\Handlers\FileHandler' driver.
INFO - 2023-03-06 23:36:03 --> Session: Class initialized using 'CodeIgniter\Session\Handlers\FileHandler' driver.
INFO - 2023-03-06 23:36:04 --> Session: Class initialized using 'CodeIgniter\Session\Handlers\FileHandler' driver.
INFO - 2023-03-06 23:36:08 --> Session: Class initialized using 'CodeIgniter\Session\Handlers\FileHandler' driver.
INFO - 2023-03-06 23:36:08 --> Session: Class initialized using 'CodeIgniter\Session\Handlers\FileHandler' driver.
INFO - 2023-03-06 23:36:13 --> Session: Class initialized using 'CodeIgniter\Session\Handlers\FileHandler' driver.
INFO - 2023-03-06 23:36:13 --> Session: Class initialized using 'CodeIgniter\Session\Handlers\FileHandler' driver.
INFO - 2023-03-06 23:46:00 --> Session: Class initialized using 'CodeIgniter\Session\Handlers\FileHandler' driver.
INFO - 2023-03-06 23:46:00 --> Session: Class initialized using 'CodeIgniter\Session\Handlers\FileHandler' driver.
INFO - 2023-03-06 23:46:02 --> Session: Class initialized using 'CodeIgniter\Session\Handlers\FileHandler' driver.
INFO - 2023-03-06 23:46:02 --> Session: Class initialized using 'CodeIgniter\Session\Handlers\FileHandler' driver.
INFO - 2023-03-06 23:46:06 --> Session: Class initialized using 'CodeIgniter\Session\Handlers\FileHandler' driver.
INFO - 2023-03-06 23:46:07 --> Session: Class initialized using 'CodeIgniter\Session\Handlers\FileHandler' driver.
INFO - 2023-03-06 23:46:09 --> Session: Class initialized using 'CodeIgniter\Session\Handlers\FileHandler' driver.
INFO - 2023-03-06 23:46:09 --> Session: Class initialized using 'CodeIgniter\Session\Handlers\FileHandler' driver.
INFO - 2023-03-06 23:46:14 --> Session: Class initialized using 'CodeIgniter\Session\Handlers\FileHandler' driver.
INFO - 2023-03-06 23:46:14 --> Session: Class initialized using 'CodeIgniter\Session\Handlers\FileHandler' driver.
INFO - 2023-03-06 23:46:16 --> Session: Class initialized using 'CodeIgniter\Session\Handlers\FileHandler' driver.
INFO - 2023-03-06 23:46:16 --> Session: Class initialized using 'CodeIgniter\Session\Handlers\FileHandler' driver.
INFO - 2023-03-06 23:46:19 --> Session: Class initialized using 'CodeIgniter\Session\Handlers\FileHandler' driver.
INFO - 2023-03-06 23:46:19 --> Session: Class initialized using 'CodeIgniter\Session\Handlers\FileHandler' driver.
INFO - 2023-03-06 23:46:19 --> Session: Class initialized using 'CodeIgniter\Session\Handlers\FileHandler' driver.
INFO - 2023-03-06 23:46:23 --> Session: Class initialized using 'CodeIgniter\Session\Handlers\FileHandler' driver.
INFO - 2023-03-06 23:46:23 --> Session: Class initialized using 'CodeIgniter\Session\Handlers\FileHandler' driver.
INFO - 2023-03-06 23:46:26 --> Session: Class initialized using 'CodeIgniter\Session\Handlers\FileHandler' driver.
INFO - 2023-03-06 23:46:26 --> Session: Class initialized using 'CodeIgniter\Session\Handlers\FileHandler' driver.
INFO - 2023-03-06 23:54:31 --> Session: Class initialized using 'CodeIgniter\Session\Handlers\FileHandler' driver.
INFO - 2023-03-06 23:54:32 --> Session: Class initialized using 'CodeIgniter\Session\Handlers\FileHandler' driver.
INFO - 2023-03-06 23:54:36 --> Session: Class initialized using 'CodeIgniter\Session\Handlers\FileHandler' driver.
INFO - 2023-03-06 23:59:28 --> Session: Class initialized using 'CodeIgniter\Session\Handlers\FileHandler' driver.
INFO - 2023-03-06 23:59:28 --> Session: Class initialized using 'CodeIgniter\Session\Handlers\FileHandler' driver.
INFO - 2023-03-06 23:59:30 --> Session: Class initialized using 'CodeIgniter\Session\Handlers\FileHandler' driver.
INFO - 2023-03-06 23:59:30 --> Session: Class initialized using 'CodeIgniter\Session\Handlers\FileHandler' driver.
ERROR - 2023-03-06 18:11:55 --> mysqli_sql_exception: Column 'com_nrc' cannot be null in C:\xampp\htdocs\ferre_update\system\Database\MySQLi\Connection.php:295
Stack trace:
#0 C:\xampp\htdocs\ferre_update\system\Database\MySQLi\Connection.php(295): mysqli->query('INSERT INTO `co...', 0)
#1 C:\xampp\htdocs\ferre_update\system\Database\BaseConnection.php(691): CodeIgniter\Database\MySQLi\Connection->execute('INSERT INTO `co...')
#2 C:\xampp\htdocs\ferre_update\system\Database\BaseConnection.php(605): CodeIgniter\Database\BaseConnection->simpleQuery('INSERT INTO `co...')
#3 C:\xampp\htdocs\ferre_update\system\Database\BaseBuilder.php(2295): CodeIgniter\Database\BaseConnection->query('INSERT INTO `co...', Array, false)
#4 C:\xampp\htdocs\ferre_update\app\Models\Compras_Model.php(12): CodeIgniter\Database\BaseBuilder->insert(Array)
#5 C:\xampp\htdocs\ferre_update\app\Controllers\Compras\Compras.php(194): App\Models\Compras_Model->Agregar_Compra(Array, Array, Array, Array, Array, '2023-03-06 18:1...')
#6 C:\xampp\htdocs\ferre_update\system\CodeIgniter.php(934): App\Controllers\Compras\Compras->Procesar_Compra()
#7 C:\xampp\htdocs\ferre_update\system\CodeIgniter.php(499): CodeIgniter\CodeIgniter->runController(Object(App\Controllers\Compras\Compras))
#8 C:\xampp\htdocs\ferre_update\system\CodeIgniter.php(368): CodeIgniter\CodeIgniter->handleRequest(NULL, Object(Config\Cache), false)
#9 C:\xampp\htdocs\ferre_update\public\index.php(67): CodeIgniter\CodeIgniter->run()
#10 {main}
ERROR - 2023-03-06 18:11:55 --> mysqli_sql_exception: Cannot add or update a child row: a foreign key constraint fails (`ferre_update`.`com_compras_detalle`, CONSTRAINT `fk_comprasdetalle_compras` FOREIGN KEY (`id_compra`) REFERENCES `com_compras` (`id_compra`) ON UPDATE CASCADE) in C:\xampp\htdocs\ferre_update\system\Database\MySQLi\Connection.php:295
Stack trace:
#0 C:\xampp\htdocs\ferre_update\system\Database\MySQLi\Connection.php(295): mysqli->query('INSERT INTO `co...', 0)
#1 C:\xampp\htdocs\ferre_update\system\Database\BaseConnection.php(691): CodeIgniter\Database\MySQLi\Connection->execute('INSERT INTO `co...')
#2 C:\xampp\htdocs\ferre_update\system\Database\BaseConnection.php(605): CodeIgniter\Database\BaseConnection->simpleQuery('INSERT INTO `co...')
#3 C:\xampp\htdocs\ferre_update\system\Database\BaseBuilder.php(2295): CodeIgniter\Database\BaseConnection->query('INSERT INTO `co...', Array, false)
#4 C:\xampp\htdocs\ferre_update\app\Models\Compras_Model.php(42): CodeIgniter\Database\BaseBuilder->insert(Array)
#5 C:\xampp\htdocs\ferre_update\app\Controllers\Compras\Compras.php(194): App\Models\Compras_Model->Agregar_Compra(Array, Array, Array, Array, Array, '2023-03-06 18:1...')
#6 C:\xampp\htdocs\ferre_update\system\CodeIgniter.php(934): App\Controllers\Compras\Compras->Procesar_Compra()
#7 C:\xampp\htdocs\ferre_update\system\CodeIgniter.php(499): CodeIgniter\CodeIgniter->runController(Object(App\Controllers\Compras\Compras))
#8 C:\xampp\htdocs\ferre_update\system\CodeIgniter.php(368): CodeIgniter\CodeIgniter->handleRequest(NULL, Object(Config\Cache), false)
#9 C:\xampp\htdocs\ferre_update\public\index.php(67): CodeIgniter\CodeIgniter->run()
#10 {main}
ERROR - 2023-03-06 18:11:55 --> mysqli_sql_exception: Cannot add or update a child row: a foreign key constraint fails (`ferre_update`.`com_compras_detalle`, CONSTRAINT `fk_comprasdetalle_compras` FOREIGN KEY (`id_compra`) REFERENCES `com_compras` (`id_compra`) ON UPDATE CASCADE) in C:\xampp\htdocs\ferre_update\system\Database\MySQLi\Connection.php:295
Stack trace:
#0 C:\xampp\htdocs\ferre_update\system\Database\MySQLi\Connection.php(295): mysqli->query('INSERT INTO `co...', 0)
#1 C:\xampp\htdocs\ferre_update\system\Database\BaseConnection.php(691): CodeIgniter\Database\MySQLi\Connection->execute('INSERT INTO `co...')
#2 C:\xampp\htdocs\ferre_update\system\Database\BaseConnection.php(605): CodeIgniter\Database\BaseConnection->simpleQuery('INSERT INTO `co...')
#3 C:\xampp\htdocs\ferre_update\system\Database\BaseBuilder.php(2295): CodeIgniter\Database\BaseConnection->query('INSERT INTO `co...', Array, false)
#4 C:\xampp\htdocs\ferre_update\app\Models\Compras_Model.php(42): CodeIgniter\Database\BaseBuilder->insert(Array)
#5 C:\xampp\htdocs\ferre_update\app\Controllers\Compras\Compras.php(194): App\Models\Compras_Model->Agregar_Compra(Array, Array, Array, Array, Array, '2023-03-06 18:1...')
#6 C:\xampp\htdocs\ferre_update\system\CodeIgniter.php(934): App\Controllers\Compras\Compras->Procesar_Compra()
#7 C:\xampp\htdocs\ferre_update\system\CodeIgniter.php(499): CodeIgniter\CodeIgniter->runController(Object(App\Controllers\Compras\Compras))
#8 C:\xampp\htdocs\ferre_update\system\CodeIgniter.php(368): CodeIgniter\CodeIgniter->handleRequest(NULL, Object(Config\Cache), false)
#9 C:\xampp\htdocs\ferre_update\public\index.php(67): CodeIgniter\CodeIgniter->run()
#10 {main}
ERROR - 2023-03-06 18:12:41 --> mysqli_sql_exception: Column 'com_nrc' cannot be null in C:\xampp\htdocs\ferre_update\system\Database\MySQLi\Connection.php:295
Stack trace:
#0 C:\xampp\htdocs\ferre_update\system\Database\MySQLi\Connection.php(295): mysqli->query('INSERT INTO `co...', 0)
#1 C:\xampp\htdocs\ferre_update\system\Database\BaseConnection.php(691): CodeIgniter\Database\MySQLi\Connection->execute('INSERT INTO `co...')
#2 C:\xampp\htdocs\ferre_update\system\Database\BaseConnection.php(605): CodeIgniter\Database\BaseConnection->simpleQuery('INSERT INTO `co...')
#3 C:\xampp\htdocs\ferre_update\system\Database\BaseBuilder.php(2295): CodeIgniter\Database\BaseConnection->query('INSERT INTO `co...', Array, false)
#4 C:\xampp\htdocs\ferre_update\app\Models\Compras_Model.php(12): CodeIgniter\Database\BaseBuilder->insert(Array)
#5 C:\xampp\htdocs\ferre_update\app\Controllers\Compras\Compras.php(194): App\Models\Compras_Model->Agregar_Compra(Array, Array, Array, Array, Array, '2023-03-06 18:1...')
#6 C:\xampp\htdocs\ferre_update\system\CodeIgniter.php(934): App\Controllers\Compras\Compras->Procesar_Compra()
#7 C:\xampp\htdocs\ferre_update\system\CodeIgniter.php(499): CodeIgniter\CodeIgniter->runController(Object(App\Controllers\Compras\Compras))
#8 C:\xampp\htdocs\ferre_update\system\CodeIgniter.php(368): CodeIgniter\CodeIgniter->handleRequest(NULL, Object(Config\Cache), false)
#9 C:\xampp\htdocs\ferre_update\public\index.php(67): CodeIgniter\CodeIgniter->run()
#10 {main}
ERROR - 2023-03-06 18:12:41 --> mysqli_sql_exception: Cannot add or update a child row: a foreign key constraint fails (`ferre_update`.`com_compras_detalle`, CONSTRAINT `fk_comprasdetalle_compras` FOREIGN KEY (`id_compra`) REFERENCES `com_compras` (`id_compra`) ON UPDATE CASCADE) in C:\xampp\htdocs\ferre_update\system\Database\MySQLi\Connection.php:295
Stack trace:
#0 C:\xampp\htdocs\ferre_update\system\Database\MySQLi\Connection.php(295): mysqli->query('INSERT INTO `co...', 0)
#1 C:\xampp\htdocs\ferre_update\system\Database\BaseConnection.php(691): CodeIgniter\Database\MySQLi\Connection->execute('INSERT INTO `co...')
#2 C:\xampp\htdocs\ferre_update\system\Database\BaseConnection.php(605): CodeIgniter\Database\BaseConnection->simpleQuery('INSERT INTO `co...')
#3 C:\xampp\htdocs\ferre_update\system\Database\BaseBuilder.php(2295): CodeIgniter\Database\BaseConnection->query('INSERT INTO `co...', Array, false)
#4 C:\xampp\htdocs\ferre_update\app\Models\Compras_Model.php(42): CodeIgniter\Database\BaseBuilder->insert(Array)
#5 C:\xampp\htdocs\ferre_update\app\Controllers\Compras\Compras.php(194): App\Models\Compras_Model->Agregar_Compra(Array, Array, Array, Array, Array, '2023-03-06 18:1...')
#6 C:\xampp\htdocs\ferre_update\system\CodeIgniter.php(934): App\Controllers\Compras\Compras->Procesar_Compra()
#7 C:\xampp\htdocs\ferre_update\system\CodeIgniter.php(499): CodeIgniter\CodeIgniter->runController(Object(App\Controllers\Compras\Compras))
#8 C:\xampp\htdocs\ferre_update\system\CodeIgniter.php(368): CodeIgniter\CodeIgniter->handleRequest(NULL, Object(Config\Cache), false)
#9 C:\xampp\htdocs\ferre_update\public\index.php(67): CodeIgniter\CodeIgniter->run()
#10 {main}
ERROR - 2023-03-06 18:12:41 --> mysqli_sql_exception: Cannot add or update a child row: a foreign key constraint fails (`ferre_update`.`com_compras_detalle`, CONSTRAINT `fk_comprasdetalle_compras` FOREIGN KEY (`id_compra`) REFERENCES `com_compras` (`id_compra`) ON UPDATE CASCADE) in C:\xampp\htdocs\ferre_update\system\Database\MySQLi\Connection.php:295
Stack trace:
#0 C:\xampp\htdocs\ferre_update\system\Database\MySQLi\Connection.php(295): mysqli->query('INSERT INTO `co...', 0)
#1 C:\xampp\htdocs\ferre_update\system\Database\BaseConnection.php(691): CodeIgniter\Database\MySQLi\Connection->execute('INSERT INTO `co...')
#2 C:\xampp\htdocs\ferre_update\system\Database\BaseConnection.php(605): CodeIgniter\Database\BaseConnection->simpleQuery('INSERT INTO `co...')
#3 C:\xampp\htdocs\ferre_update\system\Database\BaseBuilder.php(2295): CodeIgniter\Database\BaseConnection->query('INSERT INTO `co...', Array, false)
#4 C:\xampp\htdocs\ferre_update\app\Models\Compras_Model.php(42): CodeIgniter\Database\BaseBuilder->insert(Array)
#5 C:\xampp\htdocs\ferre_update\app\Controllers\Compras\Compras.php(194): App\Models\Compras_Model->Agregar_Compra(Array, Array, Array, Array, Array, '2023-03-06 18:1...')
#6 C:\xampp\htdocs\ferre_update\system\CodeIgniter.php(934): App\Controllers\Compras\Compras->Procesar_Compra()
#7 C:\xampp\htdocs\ferre_update\system\CodeIgniter.php(499): CodeIgniter\CodeIgniter->runController(Object(App\Controllers\Compras\Compras))
#8 C:\xampp\htdocs\ferre_update\system\CodeIgniter.php(368): CodeIgniter\CodeIgniter->handleRequest(NULL, Object(Config\Cache), false)
#9 C:\xampp\htdocs\ferre_update\public\index.php(67): CodeIgniter\CodeIgniter->run()
#10 {main}
INFO - 2023-03-06 18:58:41 --> REDIRECTED ROUTE at /Error_De_Acceso
ERROR - 2023-03-06 21:31:42 --> mysqli_sql_exception: You have an error in your SQL syntax; check the manual that corresponds to your MariaDB server version for the right syntax to use near '.`id_factura`
WHERE DATE(ff.fac_fecha_creacion) <= '2023-03-06'
AND DATE(ff.f...' at line 10 in C:\xampp\htdocs\ferre_update\system\Database\MySQLi\Connection.php:295
Stack trace:
#0 C:\xampp\htdocs\ferre_update\system\Database\MySQLi\Connection.php(295): mysqli->query('SELECT DATE(ff....', 0)
#1 C:\xampp\htdocs\ferre_update\system\Database\BaseConnection.php(691): CodeIgniter\Database\MySQLi\Connection->execute('SELECT DATE(ff....')
#2 C:\xampp\htdocs\ferre_update\system\Database\BaseConnection.php(605): CodeIgniter\Database\BaseConnection->simpleQuery('SELECT DATE(ff....')
#3 C:\xampp\htdocs\ferre_update\system\Database\BaseBuilder.php(1602): CodeIgniter\Database\BaseConnection->query('SELECT DATE(ff....', Array, false)
#4 C:\xampp\htdocs\ferre_update\app\Models\Model_Select.php(29): CodeIgniter\Database\BaseBuilder->get()
#5 C:\xampp\htdocs\ferre_update\app\Controllers\Reportes\Reportes.php(74): App\Models\Model_Select->Select_Data('fac_factura ff\n...', 'DATE(ff.fac_fec...', Array)
#6 C:\xampp\htdocs\ferre_update\system\CodeIgniter.php(934): App\Controllers\Reportes\Reportes->Reporte_De_Utilidad()
#7 C:\xampp\htdocs\ferre_update\system\CodeIgniter.php(499): CodeIgniter\CodeIgniter->runController(Object(App\Controllers\Reportes\Reportes))
#8 C:\xampp\htdocs\ferre_update\system\CodeIgniter.php(368): CodeIgniter\CodeIgniter->handleRequest(NULL, Object(Config\Cache), false)
#9 C:\xampp\htdocs\ferre_update\public\index.php(67): CodeIgniter\CodeIgniter->run()
#10 {main}
CRITICAL - 2023-03-06 21:31:42 --> You have an error in your SQL syntax; check the manual that corresponds to your MariaDB server version for the right syntax to use near '.`id_factura`
WHERE DATE(ff.fac_fecha_creacion) <= '2023-03-06'
AND DATE(ff.f...' at line 10
in SYSTEMPATH\Database\BaseConnection.php on line 645.
 1 SYSTEMPATH\Database\BaseBuilder.php(1602): CodeIgniter\Database\BaseConnection->query('SELECT DATE(ff.fac_fecha_creacion) AS fecha, SUM(ffd.facde_cantidad * ffd.facde_precio_venta - ffd.facde_cantidad * (
        SELECT det_precio FROM com_compras_detalle
        WHERE codigoproducto = ffd.codigoproducto
        ORDER BY id_detalle_compra DESC LIMIT 1
		)) AS utilidad, SUM(ffd.facde_cantidad * (
        SELECT det_precio FROM com_compras_detalle
        WHERE codigoproducto = ffd.codigoproducto
        ORDER BY id_detalle_compra DESC LIMIT 1
		)) AS costo_verdadero, SUM(ffd.facde_cantidad * ffd.facde_precio_venta) AS venta_total
FROM `fac_factura ff join fac_factura_detalle ffd on ffd`.`id_factura =` `ff`.`id_factura`
WHERE DATE(ff.fac_fecha_creacion) <= :DATE(ff.fac_fecha_creacion):
AND DATE(ff.fac_fecha_creacion) >= :DATE(ff.fac_fecha_creacion).1:', [...], false)
 2 APPPATH\Models\Model_Select.php(29): CodeIgniter\Database\BaseBuilder->get()
 3 APPPATH\Controllers\Reportes\Reportes.php(74): App\Models\Model_Select->Select_Data('fac_factura ff
		join fac_factura_detalle ffd on ffd.id_factura = ff.id_factura', 'DATE(ff.fac_fecha_creacion) AS fecha,
		SUM(ffd.facde_cantidad * ffd.facde_precio_venta - ffd.facde_cantidad * (
        SELECT det_precio FROM com_compras_detalle
        WHERE codigoproducto = ffd.codigoproducto
        ORDER BY id_detalle_compra DESC LIMIT 1
		)) AS utilidad,
		SUM(ffd.facde_cantidad * (
        SELECT det_precio FROM com_compras_detalle
        WHERE codigoproducto = ffd.codigoproducto
        ORDER BY id_detalle_compra DESC LIMIT 1
		)) AS costo_verdadero,
		SUM(ffd.facde_cantidad * ffd.facde_precio_venta) AS venta_total', [...])
 4 SYSTEMPATH\CodeIgniter.php(934): App\Controllers\Reportes\Reportes->Reporte_De_Utilidad()
 5 SYSTEMPATH\CodeIgniter.php(499): CodeIgniter\CodeIgniter->runController(Object(App\Controllers\Reportes\Reportes))
 6 SYSTEMPATH\CodeIgniter.php(368): CodeIgniter\CodeIgniter->handleRequest(null, Object(Config\Cache), false)
 7 FCPATH\index.php(67): CodeIgniter\CodeIgniter->run()
