INFO - 2023-02-15 05:10:20 --> Session: Class initialized using 'CodeIgniter\Session\Handlers\FileHandler' driver.
INFO - 2023-02-15 05:10:25 --> Session: Class initialized using 'CodeIgniter\Session\Handlers\FileHandler' driver.
INFO - 2023-02-15 14:01:37 --> Session: Class initialized using 'CodeIgniter\Session\Handlers\FileHandler' driver.
INFO - 2023-02-15 14:01:41 --> Session: Class initialized using 'CodeIgniter\Session\Handlers\FileHandler' driver.
INFO - 2023-02-15 14:01:41 --> Session: Class initialized using 'CodeIgniter\Session\Handlers\FileHandler' driver.
INFO - 2023-02-15 14:02:05 --> Session: Class initialized using 'CodeIgniter\Session\Handlers\FileHandler' driver.
INFO - 2023-02-15 14:02:11 --> Session: Class initialized using 'CodeIgniter\Session\Handlers\FileHandler' driver.
INFO - 2023-02-15 14:34:05 --> Session: Class initialized using 'CodeIgniter\Session\Handlers\FileHandler' driver.
INFO - 2023-02-15 14:34:17 --> Session: Class initialized using 'CodeIgniter\Session\Handlers\FileHandler' driver.
ERROR - 2023-02-15 14:34:17 --> Error connecting to the database: mysqli_sql_exception: Unknown database 'ferre_update' in C:\xampp\htdocs\ferre_update\system\Database\MySQLi\Connection.php:174
Stack trace:
#0 C:\xampp\htdocs\ferre_update\system\Database\MySQLi\Connection.php(174): mysqli->real_connect('localhost', 'root', '010707', 'ferre_update', 3306, '', 0)
#1 C:\xampp\htdocs\ferre_update\system\Database\BaseConnection.php(391): CodeIgniter\Database\MySQLi\Connection->connect(false)
#2 C:\xampp\htdocs\ferre_update\system\Database\BaseConnection.php(573): CodeIgniter\Database\BaseConnection->initialize()
#3 C:\xampp\htdocs\ferre_update\app\Models\Usuario_model.php(6): CodeIgniter\Database\BaseConnection->query('select u.codigo...', Array)
#4 C:\xampp\htdocs\ferre_update\app\Controllers\Login.php(54): App\Models\Usuario_model->Traer_Usuario_Login(Array)
#5 C:\xampp\htdocs\ferre_update\system\CodeIgniter.php(934): App\Controllers\Login->Validar_Usuario()
#6 C:\xampp\htdocs\ferre_update\system\CodeIgniter.php(499): CodeIgniter\CodeIgniter->runController(Object(App\Controllers\Login))
#7 C:\xampp\htdocs\ferre_update\system\CodeIgniter.php(368): CodeIgniter\CodeIgniter->handleRequest(NULL, Object(Config\Cache), false)
#8 C:\xampp\htdocs\ferre_update\public\index.php(67): CodeIgniter\CodeIgniter->run()
#9 {main}

Next CodeIgniter\Database\Exceptions\DatabaseException: Unknown database 'ferre_update' in C:\xampp\htdocs\ferre_update\system\Database\MySQLi\Connection.php:218
Stack trace:
#0 C:\xampp\htdocs\ferre_update\system\Database\BaseConnection.php(391): CodeIgniter\Database\MySQLi\Connection->connect(false)
#1 C:\xampp\htdocs\ferre_update\system\Database\BaseConnection.php(573): CodeIgniter\Database\BaseConnection->initialize()
#2 C:\xampp\htdocs\ferre_update\app\Models\Usuario_model.php(6): CodeIgniter\Database\BaseConnection->query('select u.codigo...', Array)
#3 C:\xampp\htdocs\ferre_update\app\Controllers\Login.php(54): App\Models\Usuario_model->Traer_Usuario_Login(Array)
#4 C:\xampp\htdocs\ferre_update\system\CodeIgniter.php(934): App\Controllers\Login->Validar_Usuario()
#5 C:\xampp\htdocs\ferre_update\system\CodeIgniter.php(499): CodeIgniter\CodeIgniter->runController(Object(App\Controllers\Login))
#6 C:\xampp\htdocs\ferre_update\system\CodeIgniter.php(368): CodeIgniter\CodeIgniter->handleRequest(NULL, Object(Config\Cache), false)
#7 C:\xampp\htdocs\ferre_update\public\index.php(67): CodeIgniter\CodeIgniter->run()
#8 {main}
CRITICAL - 2023-02-15 14:34:17 --> Unable to connect to the database.
Main connection [MySQLi]: Unknown database 'ferre_update'
in SYSTEMPATH\Database\BaseConnection.php on line 427.
 1 SYSTEMPATH\Database\BaseConnection.php(573): CodeIgniter\Database\BaseConnection->initialize()
 2 APPPATH\Models\Usuario_model.php(6): CodeIgniter\Database\BaseConnection->query('select u.codigousuario , u.nombreusuario , u.nombre from usuarios u where u.estado= 1 and u.nombreusuario = ? and u.contrasena = ?', [...])
 3 APPPATH\Controllers\Login.php(54): App\Models\Usuario_model->Traer_Usuario_Login([...])
 4 SYSTEMPATH\CodeIgniter.php(934): App\Controllers\Login->Validar_Usuario()
 5 SYSTEMPATH\CodeIgniter.php(499): CodeIgniter\CodeIgniter->runController(Object(App\Controllers\Login))
 6 SYSTEMPATH\CodeIgniter.php(368): CodeIgniter\CodeIgniter->handleRequest(null, Object(Config\Cache), false)
 7 FCPATH\index.php(67): CodeIgniter\CodeIgniter->run()
INFO - 2023-02-15 14:34:18 --> Session: Class initialized using 'CodeIgniter\Session\Handlers\FileHandler' driver.
ERROR - 2023-02-15 14:34:18 --> Error connecting to the database: mysqli_sql_exception: Unknown database 'ferre_update' in C:\xampp\htdocs\ferre_update\system\Database\MySQLi\Connection.php:174
Stack trace:
#0 C:\xampp\htdocs\ferre_update\system\Database\MySQLi\Connection.php(174): mysqli->real_connect('localhost', 'root', '010707', 'ferre_update', 3306, '', 0)
#1 C:\xampp\htdocs\ferre_update\system\Database\BaseConnection.php(391): CodeIgniter\Database\MySQLi\Connection->connect(false)
#2 C:\xampp\htdocs\ferre_update\system\Database\BaseConnection.php(573): CodeIgniter\Database\BaseConnection->initialize()
#3 C:\xampp\htdocs\ferre_update\app\Models\Usuario_model.php(6): CodeIgniter\Database\BaseConnection->query('select u.codigo...', Array)
#4 C:\xampp\htdocs\ferre_update\app\Controllers\Login.php(54): App\Models\Usuario_model->Traer_Usuario_Login(Array)
#5 C:\xampp\htdocs\ferre_update\system\CodeIgniter.php(934): App\Controllers\Login->Validar_Usuario()
#6 C:\xampp\htdocs\ferre_update\system\CodeIgniter.php(499): CodeIgniter\CodeIgniter->runController(Object(App\Controllers\Login))
#7 C:\xampp\htdocs\ferre_update\system\CodeIgniter.php(368): CodeIgniter\CodeIgniter->handleRequest(NULL, Object(Config\Cache), false)
#8 C:\xampp\htdocs\ferre_update\public\index.php(67): CodeIgniter\CodeIgniter->run()
#9 {main}

Next CodeIgniter\Database\Exceptions\DatabaseException: Unknown database 'ferre_update' in C:\xampp\htdocs\ferre_update\system\Database\MySQLi\Connection.php:218
Stack trace:
#0 C:\xampp\htdocs\ferre_update\system\Database\BaseConnection.php(391): CodeIgniter\Database\MySQLi\Connection->connect(false)
#1 C:\xampp\htdocs\ferre_update\system\Database\BaseConnection.php(573): CodeIgniter\Database\BaseConnection->initialize()
#2 C:\xampp\htdocs\ferre_update\app\Models\Usuario_model.php(6): CodeIgniter\Database\BaseConnection->query('select u.codigo...', Array)
#3 C:\xampp\htdocs\ferre_update\app\Controllers\Login.php(54): App\Models\Usuario_model->Traer_Usuario_Login(Array)
#4 C:\xampp\htdocs\ferre_update\system\CodeIgniter.php(934): App\Controllers\Login->Validar_Usuario()
#5 C:\xampp\htdocs\ferre_update\system\CodeIgniter.php(499): CodeIgniter\CodeIgniter->runController(Object(App\Controllers\Login))
#6 C:\xampp\htdocs\ferre_update\system\CodeIgniter.php(368): CodeIgniter\CodeIgniter->handleRequest(NULL, Object(Config\Cache), false)
#7 C:\xampp\htdocs\ferre_update\public\index.php(67): CodeIgniter\CodeIgniter->run()
#8 {main}
CRITICAL - 2023-02-15 14:34:18 --> Unable to connect to the database.
Main connection [MySQLi]: Unknown database 'ferre_update'
in SYSTEMPATH\Database\BaseConnection.php on line 427.
 1 SYSTEMPATH\Database\BaseConnection.php(573): CodeIgniter\Database\BaseConnection->initialize()
 2 APPPATH\Models\Usuario_model.php(6): CodeIgniter\Database\BaseConnection->query('select u.codigousuario , u.nombreusuario , u.nombre from usuarios u where u.estado= 1 and u.nombreusuario = ? and u.contrasena = ?', [...])
 3 APPPATH\Controllers\Login.php(54): App\Models\Usuario_model->Traer_Usuario_Login([...])
 4 SYSTEMPATH\CodeIgniter.php(934): App\Controllers\Login->Validar_Usuario()
 5 SYSTEMPATH\CodeIgniter.php(499): CodeIgniter\CodeIgniter->runController(Object(App\Controllers\Login))
 6 SYSTEMPATH\CodeIgniter.php(368): CodeIgniter\CodeIgniter->handleRequest(null, Object(Config\Cache), false)
 7 FCPATH\index.php(67): CodeIgniter\CodeIgniter->run()
INFO - 2023-02-15 14:36:25 --> Session: Class initialized using 'CodeIgniter\Session\Handlers\FileHandler' driver.
INFO - 2023-02-15 14:36:26 --> Session: Class initialized using 'CodeIgniter\Session\Handlers\FileHandler' driver.
INFO - 2023-02-15 14:36:42 --> Session: Class initialized using 'CodeIgniter\Session\Handlers\FileHandler' driver.
INFO - 2023-02-15 14:36:43 --> Session: Class initialized using 'CodeIgniter\Session\Handlers\FileHandler' driver.
INFO - 2023-02-15 15:34:22 --> Session: Class initialized using 'CodeIgniter\Session\Handlers\FileHandler' driver.
INFO - 2023-02-15 15:34:26 --> Session: Class initialized using 'CodeIgniter\Session\Handlers\FileHandler' driver.
INFO - 2023-02-15 15:34:28 --> Session: Class initialized using 'CodeIgniter\Session\Handlers\FileHandler' driver.
INFO - 2023-02-15 15:59:32 --> Session: Class initialized using 'CodeIgniter\Session\Handlers\FileHandler' driver.
INFO - 2023-02-15 15:59:33 --> Session: Class initialized using 'CodeIgniter\Session\Handlers\FileHandler' driver.
INFO - 2023-02-15 15:59:34 --> Session: Class initialized using 'CodeIgniter\Session\Handlers\FileHandler' driver.
INFO - 2023-02-15 16:06:28 --> Session: Class initialized using 'CodeIgniter\Session\Handlers\FileHandler' driver.
INFO - 2023-02-15 16:06:32 --> Session: Class initialized using 'CodeIgniter\Session\Handlers\FileHandler' driver.
CRITICAL - 2023-02-15 16:06:32 --> foreach() argument must be of type array|object, bool given
in APPPATH\Controllers\Login.php on line 70.
 1 APPPATH\Controllers\Login.php(70): CodeIgniter\Debug\Exceptions->errorHandler(2, 'foreach() argument must be of type array|object, bool given', 'APPPATH\\Controllers\\Login.php', 70)
 2 SYSTEMPATH\CodeIgniter.php(934): App\Controllers\Login->Validar_Usuario()
 3 SYSTEMPATH\CodeIgniter.php(499): CodeIgniter\CodeIgniter->runController(Object(App\Controllers\Login))
 4 SYSTEMPATH\CodeIgniter.php(368): CodeIgniter\CodeIgniter->handleRequest(null, Object(Config\Cache), false)
 5 FCPATH\index.php(67): CodeIgniter\CodeIgniter->run()
INFO - 2023-02-15 16:06:36 --> Session: Class initialized using 'CodeIgniter\Session\Handlers\FileHandler' driver.
CRITICAL - 2023-02-15 16:06:36 --> foreach() argument must be of type array|object, bool given
in APPPATH\Controllers\Login.php on line 70.
 1 APPPATH\Controllers\Login.php(70): CodeIgniter\Debug\Exceptions->errorHandler(2, 'foreach() argument must be of type array|object, bool given', 'APPPATH\\Controllers\\Login.php', 70)
 2 SYSTEMPATH\CodeIgniter.php(934): App\Controllers\Login->Validar_Usuario()
 3 SYSTEMPATH\CodeIgniter.php(499): CodeIgniter\CodeIgniter->runController(Object(App\Controllers\Login))
 4 SYSTEMPATH\CodeIgniter.php(368): CodeIgniter\CodeIgniter->handleRequest(null, Object(Config\Cache), false)
 5 FCPATH\index.php(67): CodeIgniter\CodeIgniter->run()
INFO - 2023-02-15 16:08:27 --> Session: Class initialized using 'CodeIgniter\Session\Handlers\FileHandler' driver.
CRITICAL - 2023-02-15 16:08:27 --> foreach() argument must be of type array|object, bool given
in APPPATH\Controllers\Login.php on line 71.
 1 APPPATH\Controllers\Login.php(71): CodeIgniter\Debug\Exceptions->errorHandler(2, 'foreach() argument must be of type array|object, bool given', 'APPPATH\\Controllers\\Login.php', 71)
 2 SYSTEMPATH\CodeIgniter.php(934): App\Controllers\Login->Validar_Usuario()
 3 SYSTEMPATH\CodeIgniter.php(499): CodeIgniter\CodeIgniter->runController(Object(App\Controllers\Login))
 4 SYSTEMPATH\CodeIgniter.php(368): CodeIgniter\CodeIgniter->handleRequest(null, Object(Config\Cache), false)
 5 FCPATH\index.php(67): CodeIgniter\CodeIgniter->run()
INFO - 2023-02-15 16:08:46 --> Session: Class initialized using 'CodeIgniter\Session\Handlers\FileHandler' driver.
INFO - 2023-02-15 16:10:46 --> Session: Class initialized using 'CodeIgniter\Session\Handlers\FileHandler' driver.
ERROR - 2023-02-15 16:10:46 --> mysqli_sql_exception: Unknown column 'amou.id_usuari' in 'where clause' in C:\xampp\htdocs\ferre_update\system\Database\MySQLi\Connection.php:295
Stack trace:
#0 C:\xampp\htdocs\ferre_update\system\Database\MySQLi\Connection.php(295): mysqli->query('select u.codigo...', 0)
#1 C:\xampp\htdocs\ferre_update\system\Database\BaseConnection.php(691): CodeIgniter\Database\MySQLi\Connection->execute('select u.codigo...')
#2 C:\xampp\htdocs\ferre_update\system\Database\BaseConnection.php(605): CodeIgniter\Database\BaseConnection->simpleQuery('select u.codigo...')
#3 C:\xampp\htdocs\ferre_update\app\Models\Usuario_model.php(24): CodeIgniter\Database\BaseConnection->query('select u.codigo...', '2')
#4 C:\xampp\htdocs\ferre_update\app\Controllers\Login.php(67): App\Models\Usuario_model->Taer_Opciones_Del_Menu('2')
#5 C:\xampp\htdocs\ferre_update\system\CodeIgniter.php(934): App\Controllers\Login->Validar_Usuario()
#6 C:\xampp\htdocs\ferre_update\system\CodeIgniter.php(499): CodeIgniter\CodeIgniter->runController(Object(App\Controllers\Login))
#7 C:\xampp\htdocs\ferre_update\system\CodeIgniter.php(368): CodeIgniter\CodeIgniter->handleRequest(NULL, Object(Config\Cache), false)
#8 C:\xampp\htdocs\ferre_update\public\index.php(67): CodeIgniter\CodeIgniter->run()
#9 {main}
CRITICAL - 2023-02-15 16:10:46 --> Unknown column 'amou.id_usuari' in 'where clause'
in SYSTEMPATH\Database\BaseConnection.php on line 645.
 1 APPPATH\Models\Usuario_model.php(24): CodeIgniter\Database\BaseConnection->query('select u.codigousuario , u.nombreusuario, u.nombre,
		amou.tiene_permiso, 
		amo.id_modulo_opcion , amo.nombre_opcion, amo.link,
		am.id_modulo, am.nombre_modulo 
		from usuarios u 
		inner join adm_modulo_opcion_usuario amou on (amou.id_usuario = u.codigousuario)
		inner join adm_modulo_opcion amo on(amo.id_modulo_opcion = amou.id_modulo_opcion)
		inner join adm_modulo am on (am.id_modulo = amo.id_modulo)
		where amou.id_usuari = ? and amou.tiene_permiso = 1', '2')
 2 APPPATH\Controllers\Login.php(67): App\Models\Usuario_model->Taer_Opciones_Del_Menu('2')
 3 SYSTEMPATH\CodeIgniter.php(934): App\Controllers\Login->Validar_Usuario()
 4 SYSTEMPATH\CodeIgniter.php(499): CodeIgniter\CodeIgniter->runController(Object(App\Controllers\Login))
 5 SYSTEMPATH\CodeIgniter.php(368): CodeIgniter\CodeIgniter->handleRequest(null, Object(Config\Cache), false)
 6 FCPATH\index.php(67): CodeIgniter\CodeIgniter->run()
INFO - 2023-02-15 16:11:23 --> Session: Class initialized using 'CodeIgniter\Session\Handlers\FileHandler' driver.
INFO - 2023-02-15 16:12:10 --> Session: Class initialized using 'CodeIgniter\Session\Handlers\FileHandler' driver.
INFO - 2023-02-15 16:13:34 --> Session: Class initialized using 'CodeIgniter\Session\Handlers\FileHandler' driver.
INFO - 2023-02-15 16:13:50 --> Session: Class initialized using 'CodeIgniter\Session\Handlers\FileHandler' driver.
INFO - 2023-02-15 16:14:18 --> Session: Class initialized using 'CodeIgniter\Session\Handlers\FileHandler' driver.
INFO - 2023-02-15 16:14:32 --> Session: Class initialized using 'CodeIgniter\Session\Handlers\FileHandler' driver.
INFO - 2023-02-15 16:14:50 --> Session: Class initialized using 'CodeIgniter\Session\Handlers\FileHandler' driver.
INFO - 2023-02-15 16:15:09 --> Session: Class initialized using 'CodeIgniter\Session\Handlers\FileHandler' driver.
INFO - 2023-02-15 16:15:22 --> Session: Class initialized using 'CodeIgniter\Session\Handlers\FileHandler' driver.
INFO - 2023-02-15 16:15:22 --> Session: Class initialized using 'CodeIgniter\Session\Handlers\FileHandler' driver.
INFO - 2023-02-15 16:26:12 --> Session: Class initialized using 'CodeIgniter\Session\Handlers\FileHandler' driver.
INFO - 2023-02-15 16:26:35 --> Session: Class initialized using 'CodeIgniter\Session\Handlers\FileHandler' driver.
INFO - 2023-02-15 16:26:43 --> Session: Class initialized using 'CodeIgniter\Session\Handlers\FileHandler' driver.
INFO - 2023-02-15 16:26:43 --> Session: Class initialized using 'CodeIgniter\Session\Handlers\FileHandler' driver.
INFO - 2023-02-15 16:29:34 --> Session: Class initialized using 'CodeIgniter\Session\Handlers\FileHandler' driver.
INFO - 2023-02-15 16:30:12 --> Session: Class initialized using 'CodeIgniter\Session\Handlers\FileHandler' driver.
INFO - 2023-02-15 16:30:24 --> Session: Class initialized using 'CodeIgniter\Session\Handlers\FileHandler' driver.
INFO - 2023-02-15 16:30:49 --> Session: Class initialized using 'CodeIgniter\Session\Handlers\FileHandler' driver.
INFO - 2023-02-15 16:30:59 --> Session: Class initialized using 'CodeIgniter\Session\Handlers\FileHandler' driver.
INFO - 2023-02-15 16:30:59 --> Session: Class initialized using 'CodeIgniter\Session\Handlers\FileHandler' driver.
INFO - 2023-02-15 16:31:04 --> Session: Class initialized using 'CodeIgniter\Session\Handlers\FileHandler' driver.
INFO - 2023-02-15 16:31:36 --> Session: Class initialized using 'CodeIgniter\Session\Handlers\FileHandler' driver.
INFO - 2023-02-15 16:31:37 --> Session: Class initialized using 'CodeIgniter\Session\Handlers\FileHandler' driver.
INFO - 2023-02-15 16:34:00 --> Session: Class initialized using 'CodeIgniter\Session\Handlers\FileHandler' driver.
INFO - 2023-02-15 16:34:06 --> Session: Class initialized using 'CodeIgniter\Session\Handlers\FileHandler' driver.
INFO - 2023-02-15 16:34:10 --> Session: Class initialized using 'CodeIgniter\Session\Handlers\FileHandler' driver.
INFO - 2023-02-15 16:34:10 --> Session: Class initialized using 'CodeIgniter\Session\Handlers\FileHandler' driver.
INFO - 2023-02-15 16:34:27 --> Session: Class initialized using 'CodeIgniter\Session\Handlers\FileHandler' driver.
INFO - 2023-02-15 16:34:30 --> Session: Class initialized using 'CodeIgniter\Session\Handlers\FileHandler' driver.
INFO - 2023-02-15 16:34:30 --> Session: Class initialized using 'CodeIgniter\Session\Handlers\FileHandler' driver.
INFO - 2023-02-15 16:34:36 --> Session: Class initialized using 'CodeIgniter\Session\Handlers\FileHandler' driver.
INFO - 2023-02-15 16:35:15 --> Session: Class initialized using 'CodeIgniter\Session\Handlers\FileHandler' driver.
INFO - 2023-02-15 16:35:22 --> Session: Class initialized using 'CodeIgniter\Session\Handlers\FileHandler' driver.
INFO - 2023-02-15 16:35:59 --> Session: Class initialized using 'CodeIgniter\Session\Handlers\FileHandler' driver.
INFO - 2023-02-15 16:57:05 --> Session: Class initialized using 'CodeIgniter\Session\Handlers\FileHandler' driver.
ERROR - 2023-02-15 16:57:05 --> mysqli_sql_exception: You have an error in your SQL syntax; check the manual that corresponds to your MariaDB server version for the right syntax to use near '?  order by am.id_modulo asc ?' at line 9 in C:\xampp\htdocs\ferre_update\system\Database\MySQLi\Connection.php:295
Stack trace:
#0 C:\xampp\htdocs\ferre_update\system\Database\MySQLi\Connection.php(295): mysqli->query('select u.codigo...', 0)
#1 C:\xampp\htdocs\ferre_update\system\Database\BaseConnection.php(691): CodeIgniter\Database\MySQLi\Connection->execute('select u.codigo...')
#2 C:\xampp\htdocs\ferre_update\system\Database\BaseConnection.php(605): CodeIgniter\Database\BaseConnection->simpleQuery('select u.codigo...')
#3 C:\xampp\htdocs\ferre_update\app\Models\Usuario_model.php(41): CodeIgniter\Database\BaseConnection->query('select u.codigo...', '1')
#4 C:\xampp\htdocs\ferre_update\app\Controllers\Usuarios.php(18): App\Models\Usuario_model->Traer_Todos_Los_Permisos('1')
#5 C:\xampp\htdocs\ferre_update\system\CodeIgniter.php(934): App\Controllers\Usuarios->Vista_Asignar_Permisos('1')
#6 C:\xampp\htdocs\ferre_update\system\CodeIgniter.php(499): CodeIgniter\CodeIgniter->runController(Object(App\Controllers\Usuarios))
#7 C:\xampp\htdocs\ferre_update\system\CodeIgniter.php(368): CodeIgniter\CodeIgniter->handleRequest(NULL, Object(Config\Cache), false)
#8 C:\xampp\htdocs\ferre_update\public\index.php(67): CodeIgniter\CodeIgniter->run()
#9 {main}
CRITICAL - 2023-02-15 16:57:05 --> You have an error in your SQL syntax; check the manual that corresponds to your MariaDB server version for the right syntax to use near '?  order by am.id_modulo asc ?' at line 9
in SYSTEMPATH\Database\BaseConnection.php on line 645.
 1 APPPATH\Models\Usuario_model.php(41): CodeIgniter\Database\BaseConnection->query('select u.codigousuario , u.nombreusuario, u.nombre,
amou.tiene_permiso, 
amo.id_modulo_opcion , amo.nombre_opcion, amo.link,
am.id_modulo, am.nombre_modulo 
from usuarios u 
inner join adm_modulo_opcion_usuario amou on (amou.id_usuario = u.codigousuario)
inner join adm_modulo_opcion amo on(amo.id_modulo_opcion = amou.id_modulo_opcion)
inner join adm_modulo am on (am.id_modulo = amo.id_modulo)
where amou.id_usuario = ?  order by am.id_modulo asc ?', '1')
 2 APPPATH\Controllers\Usuarios.php(18): App\Models\Usuario_model->Traer_Todos_Los_Permisos('1')
 3 SYSTEMPATH\CodeIgniter.php(934): App\Controllers\Usuarios->Vista_Asignar_Permisos('1')
 4 SYSTEMPATH\CodeIgniter.php(499): CodeIgniter\CodeIgniter->runController(Object(App\Controllers\Usuarios))
 5 SYSTEMPATH\CodeIgniter.php(368): CodeIgniter\CodeIgniter->handleRequest(null, Object(Config\Cache), false)
 6 FCPATH\index.php(67): CodeIgniter\CodeIgniter->run()
INFO - 2023-02-15 16:58:04 --> Session: Class initialized using 'CodeIgniter\Session\Handlers\FileHandler' driver.
CRITICAL - 2023-02-15 16:58:04 --> Undefined property: stdClass::$id_opcion
in APPPATH\Views\usuarios\vista_administrar_permisos.php on line 44.
 1 APPPATH\Views\usuarios\vista_administrar_permisos.php(44): CodeIgniter\Debug\Exceptions->errorHandler(2, 'Undefined property: stdClass::$id_opcion', 'APPPATH\\Views\\usuarios\\vista_administrar_permisos.php', 44)
 2 SYSTEMPATH\View\View.php(213): include('APPPATH\\Views\\usuarios\\vista_administrar_permisos.php')
 3 SYSTEMPATH\View\View.php(216): CodeIgniter\View\View->CodeIgniter\View\{closure}()
 4 SYSTEMPATH\Common.php(1177): CodeIgniter\View\View->render('usuarios/vista_administrar_permisos', [], true)
 5 APPPATH\Views\plantilla.php(109): view('usuarios/vista_administrar_permisos')
 6 SYSTEMPATH\View\View.php(213): include('APPPATH\\Views\\plantilla.php')
 7 SYSTEMPATH\View\View.php(216): CodeIgniter\View\View->CodeIgniter\View\{closure}()
 8 SYSTEMPATH\Common.php(1177): CodeIgniter\View\View->render('plantilla', [], true)
 9 APPPATH\Controllers\Usuarios.php(20): view('plantilla', [...])
10 SYSTEMPATH\CodeIgniter.php(934): App\Controllers\Usuarios->Vista_Asignar_Permisos('1')
11 SYSTEMPATH\CodeIgniter.php(499): CodeIgniter\CodeIgniter->runController(Object(App\Controllers\Usuarios))
12 SYSTEMPATH\CodeIgniter.php(368): CodeIgniter\CodeIgniter->handleRequest(null, Object(Config\Cache), false)
13 FCPATH\index.php(67): CodeIgniter\CodeIgniter->run()
INFO - 2023-02-15 17:00:21 --> Session: Class initialized using 'CodeIgniter\Session\Handlers\FileHandler' driver.
INFO - 2023-02-15 17:05:59 --> Session: Class initialized using 'CodeIgniter\Session\Handlers\FileHandler' driver.
INFO - 2023-02-15 17:06:02 --> Session: Class initialized using 'CodeIgniter\Session\Handlers\FileHandler' driver.
INFO - 2023-02-15 17:06:02 --> Session: Class initialized using 'CodeIgniter\Session\Handlers\FileHandler' driver.
INFO - 2023-02-15 17:06:05 --> Session: Class initialized using 'CodeIgniter\Session\Handlers\FileHandler' driver.
INFO - 2023-02-15 17:06:07 --> Session: Class initialized using 'CodeIgniter\Session\Handlers\FileHandler' driver.
INFO - 2023-02-15 17:11:15 --> Session: Class initialized using 'CodeIgniter\Session\Handlers\FileHandler' driver.
INFO - 2023-02-15 17:18:05 --> Session: Class initialized using 'CodeIgniter\Session\Handlers\FileHandler' driver.
INFO - 2023-02-15 17:23:16 --> Session: Class initialized using 'CodeIgniter\Session\Handlers\FileHandler' driver.
INFO - 2023-02-15 17:24:09 --> Session: Class initialized using 'CodeIgniter\Session\Handlers\FileHandler' driver.
INFO - 2023-02-15 17:24:23 --> Session: Class initialized using 'CodeIgniter\Session\Handlers\FileHandler' driver.
INFO - 2023-02-15 17:24:46 --> Session: Class initialized using 'CodeIgniter\Session\Handlers\FileHandler' driver.
INFO - 2023-02-15 17:26:17 --> Session: Class initialized using 'CodeIgniter\Session\Handlers\FileHandler' driver.
INFO - 2023-02-15 17:27:48 --> Session: Class initialized using 'CodeIgniter\Session\Handlers\FileHandler' driver.
INFO - 2023-02-15 17:27:56 --> Session: Class initialized using 'CodeIgniter\Session\Handlers\FileHandler' driver.
INFO - 2023-02-15 17:36:06 --> Session: Class initialized using 'CodeIgniter\Session\Handlers\FileHandler' driver.
INFO - 2023-02-15 17:36:55 --> Session: Class initialized using 'CodeIgniter\Session\Handlers\FileHandler' driver.
INFO - 2023-02-15 17:37:30 --> Session: Class initialized using 'CodeIgniter\Session\Handlers\FileHandler' driver.
INFO - 2023-02-15 17:38:35 --> Session: Class initialized using 'CodeIgniter\Session\Handlers\FileHandler' driver.
INFO - 2023-02-15 17:39:05 --> Session: Class initialized using 'CodeIgniter\Session\Handlers\FileHandler' driver.
INFO - 2023-02-15 17:39:22 --> Session: Class initialized using 'CodeIgniter\Session\Handlers\FileHandler' driver.
INFO - 2023-02-15 17:40:14 --> Session: Class initialized using 'CodeIgniter\Session\Handlers\FileHandler' driver.
INFO - 2023-02-15 17:44:45 --> Session: Class initialized using 'CodeIgniter\Session\Handlers\FileHandler' driver.
INFO - 2023-02-15 17:59:16 --> Session: Class initialized using 'CodeIgniter\Session\Handlers\FileHandler' driver.
INFO - 2023-02-15 17:59:20 --> Session: Class initialized using 'CodeIgniter\Session\Handlers\FileHandler' driver.
INFO - 2023-02-15 17:59:24 --> Session: Class initialized using 'CodeIgniter\Session\Handlers\FileHandler' driver.
INFO - 2023-02-15 18:02:23 --> Session: Class initialized using 'CodeIgniter\Session\Handlers\FileHandler' driver.
INFO - 2023-02-15 18:02:27 --> Session: Class initialized using 'CodeIgniter\Session\Handlers\FileHandler' driver.
ERROR - 2023-02-15 18:02:27 --> mysqli_sql_exception: Unknown column 'id_opcion' in 'where clause' in C:\xampp\htdocs\ferre_update\system\Database\MySQLi\Connection.php:295
Stack trace:
#0 C:\xampp\htdocs\ferre_update\system\Database\MySQLi\Connection.php(295): mysqli->query('UPDATE `adm_mod...', 0)
#1 C:\xampp\htdocs\ferre_update\system\Database\BaseConnection.php(691): CodeIgniter\Database\MySQLi\Connection->execute('UPDATE `adm_mod...')
#2 C:\xampp\htdocs\ferre_update\system\Database\BaseConnection.php(605): CodeIgniter\Database\BaseConnection->simpleQuery('UPDATE `adm_mod...')
#3 C:\xampp\htdocs\ferre_update\system\Database\BaseBuilder.php(2462): CodeIgniter\Database\BaseConnection->query('UPDATE `adm_mod...', Array, false)
#4 C:\xampp\htdocs\ferre_update\app\Models\Usuario_model.php(75): CodeIgniter\Database\BaseBuilder->update(Array)
#5 C:\xampp\htdocs\ferre_update\app\Controllers\Usuarios.php(65): App\Models\Usuario_model->Actualizar_Opciones_Permitidas(Array)
#6 C:\xampp\htdocs\ferre_update\system\CodeIgniter.php(934): App\Controllers\Usuarios->Asignar_Permisos()
#7 C:\xampp\htdocs\ferre_update\system\CodeIgniter.php(499): CodeIgniter\CodeIgniter->runController(Object(App\Controllers\Usuarios))
#8 C:\xampp\htdocs\ferre_update\system\CodeIgniter.php(368): CodeIgniter\CodeIgniter->handleRequest(NULL, Object(Config\Cache), false)
#9 C:\xampp\htdocs\ferre_update\public\index.php(67): CodeIgniter\CodeIgniter->run()
#10 {main}
CRITICAL - 2023-02-15 18:02:28 --> Unknown column 'id_opcion' in 'where clause'
in SYSTEMPATH\Database\BaseConnection.php on line 645.
 1 SYSTEMPATH\Database\BaseBuilder.php(2462): CodeIgniter\Database\BaseConnection->query('UPDATE `adm_modulo_opcion_usuario` SET `tiene_permiso` = :tiene_permiso:
WHERE `id_usuario` = :id_usuario:
AND `id_opcion` = :id_opcion:', [...], false)
 2 APPPATH\Models\Usuario_model.php(75): CodeIgniter\Database\BaseBuilder->update([...])
 3 APPPATH\Controllers\Usuarios.php(65): App\Models\Usuario_model->Actualizar_Opciones_Permitidas([...])
 4 SYSTEMPATH\CodeIgniter.php(934): App\Controllers\Usuarios->Asignar_Permisos()
 5 SYSTEMPATH\CodeIgniter.php(499): CodeIgniter\CodeIgniter->runController(Object(App\Controllers\Usuarios))
 6 SYSTEMPATH\CodeIgniter.php(368): CodeIgniter\CodeIgniter->handleRequest(null, Object(Config\Cache), false)
 7 FCPATH\index.php(67): CodeIgniter\CodeIgniter->run()
INFO - 2023-02-15 18:03:49 --> Session: Class initialized using 'CodeIgniter\Session\Handlers\FileHandler' driver.
INFO - 2023-02-15 18:03:52 --> Session: Class initialized using 'CodeIgniter\Session\Handlers\FileHandler' driver.
INFO - 2023-02-15 18:03:56 --> Session: Class initialized using 'CodeIgniter\Session\Handlers\FileHandler' driver.
INFO - 2023-02-15 18:04:03 --> Session: Class initialized using 'CodeIgniter\Session\Handlers\FileHandler' driver.
INFO - 2023-02-15 18:04:07 --> Session: Class initialized using 'CodeIgniter\Session\Handlers\FileHandler' driver.
INFO - 2023-02-15 18:04:13 --> Session: Class initialized using 'CodeIgniter\Session\Handlers\FileHandler' driver.
INFO - 2023-02-15 18:05:59 --> Session: Class initialized using 'CodeIgniter\Session\Handlers\FileHandler' driver.
INFO - 2023-02-15 18:06:04 --> Session: Class initialized using 'CodeIgniter\Session\Handlers\FileHandler' driver.
INFO - 2023-02-15 18:24:04 --> Session: Class initialized using 'CodeIgniter\Session\Handlers\FileHandler' driver.
INFO - 2023-02-15 18:24:06 --> Session: Class initialized using 'CodeIgniter\Session\Handlers\FileHandler' driver.
INFO - 2023-02-15 18:24:06 --> REDIRECTED ROUTE at /
INFO - 2023-02-15 18:24:06 --> Session: Class initialized using 'CodeIgniter\Session\Handlers\FileHandler' driver.
INFO - 2023-02-15 18:24:09 --> Session: Class initialized using 'CodeIgniter\Session\Handlers\FileHandler' driver.
INFO - 2023-02-15 18:24:16 --> Session: Class initialized using 'CodeIgniter\Session\Handlers\FileHandler' driver.
INFO - 2023-02-15 18:24:17 --> Session: Class initialized using 'CodeIgniter\Session\Handlers\FileHandler' driver.
INFO - 2023-02-15 18:24:22 --> Session: Class initialized using 'CodeIgniter\Session\Handlers\FileHandler' driver.
INFO - 2023-02-15 18:24:22 --> Session: Class initialized using 'CodeIgniter\Session\Handlers\FileHandler' driver.
INFO - 2023-02-15 18:24:44 --> Session: Class initialized using 'CodeIgniter\Session\Handlers\FileHandler' driver.
INFO - 2023-02-15 18:24:44 --> Session: Class initialized using 'CodeIgniter\Session\Handlers\FileHandler' driver.
INFO - 2023-02-15 18:24:51 --> Session: Class initialized using 'CodeIgniter\Session\Handlers\FileHandler' driver.
INFO - 2023-02-15 21:01:01 --> Session: Class initialized using 'CodeIgniter\Session\Handlers\FileHandler' driver.
INFO - 2023-02-15 21:01:11 --> Session: Class initialized using 'CodeIgniter\Session\Handlers\FileHandler' driver.
INFO - 2023-02-15 21:01:11 --> Session: Class initialized using 'CodeIgniter\Session\Handlers\FileHandler' driver.
INFO - 2023-02-15 21:01:15 --> Session: Class initialized using 'CodeIgniter\Session\Handlers\FileHandler' driver.
INFO - 2023-02-15 21:01:15 --> Session: Class initialized using 'CodeIgniter\Session\Handlers\FileHandler' driver.
INFO - 2023-02-15 21:16:05 --> Session: Class initialized using 'CodeIgniter\Session\Handlers\FileHandler' driver.
